d:\projects\loadrefile\loadrefile\debug\vc143.pdb
d:\projects\loadrefile\loadrefile\debug\vc143.idb
d:\projects\loadrefile\loadrefile\debug\configstring.obj
d:\projects\loadrefile\loadrefile\debug\loadrefile.obj
d:\projects\loadrefile\loadrefile\debug\loadrefile.ilk
d:\projects\loadrefile\debug\loadrefile.pdb
d:\projects\loadrefile\loadrefile\debug\loadrefile.tlog\cl.command.1.tlog
d:\projects\loadrefile\loadrefile\debug\loadrefile.tlog\cl.items.tlog
d:\projects\loadrefile\loadrefile\debug\loadrefile.tlog\cl.read.1.tlog
d:\projects\loadrefile\loadrefile\debug\loadrefile.tlog\cl.write.1.tlog
d:\projects\loadrefile\loadrefile\debug\loadrefile.tlog\link-cvtres.read.1.tlog
d:\projects\loadrefile\loadrefile\debug\loadrefile.tlog\link-cvtres.write.1.tlog
d:\projects\loadrefile\loadrefile\debug\loadrefile.tlog\link-rc.read.1.tlog
d:\projects\loadrefile\loadrefile\debug\loadrefile.tlog\link-rc.write.1.tlog
d:\projects\loadrefile\loadrefile\debug\loadrefile.tlog\link.16292-cvtres.read.1.tlog
d:\projects\loadrefile\loadrefile\debug\loadrefile.tlog\link.16292-cvtres.write.1.tlog
d:\projects\loadrefile\loadrefile\debug\loadrefile.tlog\link.16292-rc.read.1.tlog
d:\projects\loadrefile\loadrefile\debug\loadrefile.tlog\link.16292-rc.write.1.tlog
d:\projects\loadrefile\loadrefile\debug\loadrefile.tlog\link.16292.read.1.tlog
d:\projects\loadrefile\loadrefile\debug\loadrefile.tlog\link.16292.write.1.tlog
d:\projects\loadrefile\loadrefile\debug\loadrefile.tlog\link.command.1.tlog
d:\projects\loadrefile\loadrefile\debug\loadrefile.tlog\link.read.1.tlog
d:\projects\loadrefile\loadrefile\debug\loadrefile.tlog\link.secondary.1.tlog
d:\projects\loadrefile\loadrefile\debug\loadrefile.tlog\link.write.1.tlog
